<?xml version="1.0" encoding="UTF-8"?>
<testsuite name="com.bridgelabz.AddressBook.AddressBookTestCases" tests="1" skipped="0" failures="0" errors="0" timestamp="2020-11-20T15:11:46" hostname="DESKTOP-RFK6RG2" time="2.245">
  <properties/>
  <testcase name="givenAddressBookDB_whenRetrievedData_MatchCountWithDB" classname="com.bridgelabz.AddressBook.AddressBookTestCases" time="2.245"/>
  <system-out><![CDATA[]]></system-out>
  <system-err><![CDATA[]]></system-err>
</testsuite>
